{"D:\\Synrgy Academy - Bootcamp BCA x Binar\\Car-Management-Dashboard\\challenge_6\\knexfile.ts": {"path":"D:\\Synrgy Academy - Bootcamp BCA x Binar\\Car-Management-Dashboard\\challenge_6\\knexfile.ts","statementMap":{"0":{"start":{"line":3,"column":0},"end":{"line":3,"column":15}},"1":{"start":{"line":7,"column":47},"end":{"line":56,"column":1}}},"fnMap":{},"branchMap":{},"s":{"0":1,"1":1},"f":{},"b":{},"_coverageSchema":"1a1c01bbd47fc00a2c39e90264f33305004495a9","hash":"0db48e1c34b08fae33177c4306ca54a00ae6ac0e"}
,"D:\\Synrgy Academy - Bootcamp BCA x Binar\\Car-Management-Dashboard\\challenge_6\\config\\cloudinary.ts": {"path":"D:\\Synrgy Academy - Bootcamp BCA x Binar\\Car-Management-Dashboard\\challenge_6\\config\\cloudinary.ts","statementMap":{"0":{"start":{"line":3,"column":0},"end":{"line":3,"column":15}},"1":{"start":{"line":5,"column":0},"end":{"line":10,"column":2}}},"fnMap":{},"branchMap":{},"s":{"0":1,"1":1},"f":{},"b":{},"_coverageSchema":"1a1c01bbd47fc00a2c39e90264f33305004495a9","hash":"2e700a3c7adbf3f3e986d76d711a8648b923699f"}
,"D:\\Synrgy Academy - Bootcamp BCA x Binar\\Car-Management-Dashboard\\challenge_6\\config\\knex.ts": {"path":"D:\\Synrgy Academy - Bootcamp BCA x Binar\\Car-Management-Dashboard\\challenge_6\\config\\knex.ts","statementMap":{"0":{"start":{"line":4,"column":11},"end":{"line":4,"column":35}}},"fnMap":{},"branchMap":{},"s":{"0":1},"f":{},"b":{},"_coverageSchema":"1a1c01bbd47fc00a2c39e90264f33305004495a9","hash":"ebe3a6864f2b06fe17e4f4c93b8506a5ebd507d1"}
,"D:\\Synrgy Academy - Bootcamp BCA x Binar\\Car-Management-Dashboard\\challenge_6\\src\\app.ts": {"path":"D:\\Synrgy Academy - Bootcamp BCA x Binar\\Car-Management-Dashboard\\challenge_6\\src\\app.ts","statementMap":{"0":{"start":{"line":8,"column":12},"end":{"line":8,"column":21}},"1":{"start":{"line":9,"column":0},"end":{"line":9,"column":12}},"2":{"start":{"line":11,"column":24},"end":{"line":11,"column":57}},"3":{"start":{"line":13,"column":0},"end":{"line":13,"column":40}},"4":{"start":{"line":14,"column":0},"end":{"line":14,"column":47}},"5":{"start":{"line":15,"column":0},"end":{"line":15,"column":23}},"6":{"start":{"line":16,"column":0},"end":{"line":16,"column":29}},"7":{"start":{"line":17,"column":0},"end":{"line":17,"column":22}},"8":{"start":{"line":18,"column":0},"end":{"line":18,"column":15}},"9":{"start":{"line":19,"column":0},"end":{"line":19,"column":22}},"10":{"start":{"line":21,"column":0},"end":{"line":21,"column":23}}},"fnMap":{},"branchMap":{},"s":{"0":1,"1":1,"2":1,"3":1,"4":1,"5":1,"6":1,"7":1,"8":1,"9":1,"10":1},"f":{},"b":{},"_coverageSchema":"1a1c01bbd47fc00a2c39e90264f33305004495a9","hash":"837dbdfaad7334d37b38e381d808c450d5c85b9d"}
,"D:\\Synrgy Academy - Bootcamp BCA x Binar\\Car-Management-Dashboard\\challenge_6\\src\\controllers\\cars.ts": {"path":"D:\\Synrgy Academy - Bootcamp BCA x Binar\\Car-Management-Dashboard\\challenge_6\\src\\controllers\\cars.ts","statementMap":{"0":{"start":{"line":8,"column":19},"end":{"line":31,"column":3}},"1":{"start":{"line":9,"column":17},"end":{"line":9,"column":41}},"2":{"start":{"line":10,"column":4},"end":{"line":30,"column":5}},"3":{"start":{"line":11,"column":21},"end":{"line":11,"column":52}},"4":{"start":{"line":12,"column":40},"end":{"line":19,"column":7}},"5":{"start":{"line":20,"column":6},"end":{"line":20,"column":36}},"6":{"start":{"line":22,"column":40},"end":{"line":28,"column":7}},"7":{"start":{"line":29,"column":6},"end":{"line":29,"column":36}},"8":{"start":{"line":33,"column":21},"end":{"line":60,"column":3}},"9":{"start":{"line":34,"column":32},"end":{"line":34,"column":40}},"10":{"start":{"line":35,"column":38},"end":{"line":35,"column":52}},"11":{"start":{"line":36,"column":27},"end":{"line":36,"column":45}},"12":{"start":{"line":37,"column":28},"end":{"line":37,"column":36}},"13":{"start":{"line":38,"column":28},"end":{"line":38,"column":36}},"14":{"start":{"line":39,"column":4},"end":{"line":59,"column":5}},"15":{"start":{"line":40,"column":21},"end":{"line":40,"column":93}},"16":{"start":{"line":41,"column":40},"end":{"line":48,"column":7}},"17":{"start":{"line":49,"column":6},"end":{"line":49,"column":36}},"18":{"start":{"line":51,"column":40},"end":{"line":57,"column":7}},"19":{"start":{"line":58,"column":6},"end":{"line":58,"column":36}},"20":{"start":{"line":62,"column":22},"end":{"line":85,"column":3}},"21":{"start":{"line":63,"column":26},"end":{"line":63,"column":47}},"22":{"start":{"line":64,"column":4},"end":{"line":84,"column":5}},"23":{"start":{"line":65,"column":21},"end":{"line":65,"column":56}},"24":{"start":{"line":66,"column":40},"end":{"line":73,"column":7}},"25":{"start":{"line":74,"column":6},"end":{"line":74,"column":36}},"26":{"start":{"line":76,"column":40},"end":{"line":82,"column":7}},"27":{"start":{"line":83,"column":6},"end":{"line":83,"column":36}},"28":{"start":{"line":87,"column":21},"end":{"line":104,"column":3}},"29":{"start":{"line":88,"column":26},"end":{"line":88,"column":47}},"30":{"start":{"line":89,"column":20},"end":{"line":89,"column":38}},"31":{"start":{"line":90,"column":20},"end":{"line":90,"column":38}},"32":{"start":{"line":91,"column":4},"end":{"line":103,"column":5}},"33":{"start":{"line":92,"column":23},"end":{"line":92,"column":75}},"34":{"start":{"line":93,"column":6},"end":{"line":93,"column":36}},"35":{"start":{"line":95,"column":40},"end":{"line":101,"column":7}},"36":{"start":{"line":102,"column":6},"end":{"line":102,"column":36}},"37":{"start":{"line":106,"column":21},"end":{"line":134,"column":3}},"38":{"start":{"line":107,"column":32},"end":{"line":107,"column":40}},"39":{"start":{"line":108,"column":26},"end":{"line":108,"column":47}},"40":{"start":{"line":109,"column":38},"end":{"line":109,"column":52}},"41":{"start":{"line":110,"column":27},"end":{"line":110,"column":45}},"42":{"start":{"line":111,"column":20},"end":{"line":111,"column":38}},"43":{"start":{"line":112,"column":20},"end":{"line":112,"column":38}},"44":{"start":{"line":113,"column":4},"end":{"line":133,"column":5}},"45":{"start":{"line":114,"column":24},"end":{"line":114,"column":108}},"46":{"start":{"line":115,"column":40},"end":{"line":122,"column":7}},"47":{"start":{"line":123,"column":6},"end":{"line":123,"column":36}},"48":{"start":{"line":125,"column":40},"end":{"line":131,"column":7}},"49":{"start":{"line":132,"column":6},"end":{"line":132,"column":36}}},"fnMap":{"0":{"name":"(anonymous_0)","decl":{"start":{"line":8,"column":19},"end":{"line":8,"column":20}},"loc":{"start":{"line":8,"column":73},"end":{"line":31,"column":3}},"line":8},"1":{"name":"(anonymous_1)","decl":{"start":{"line":33,"column":21},"end":{"line":33,"column":22}},"loc":{"start":{"line":33,"column":75},"end":{"line":60,"column":3}},"line":33},"2":{"name":"(anonymous_2)","decl":{"start":{"line":62,"column":22},"end":{"line":62,"column":23}},"loc":{"start":{"line":62,"column":76},"end":{"line":85,"column":3}},"line":62},"3":{"name":"(anonymous_3)","decl":{"start":{"line":87,"column":21},"end":{"line":87,"column":22}},"loc":{"start":{"line":87,"column":75},"end":{"line":104,"column":3}},"line":87},"4":{"name":"(anonymous_4)","decl":{"start":{"line":106,"column":21},"end":{"line":106,"column":22}},"loc":{"start":{"line":106,"column":75},"end":{"line":134,"column":3}},"line":106}},"branchMap":{},"s":{"0":1,"1":0,"2":0,"3":0,"4":0,"5":0,"6":0,"7":0,"8":1,"9":0,"10":0,"11":0,"12":0,"13":0,"14":0,"15":0,"16":0,"17":0,"18":0,"19":0,"20":1,"21":0,"22":0,"23":0,"24":0,"25":0,"26":0,"27":0,"28":1,"29":0,"30":0,"31":0,"32":0,"33":0,"34":0,"35":0,"36":0,"37":1,"38":0,"39":0,"40":0,"41":0,"42":0,"43":0,"44":0,"45":0,"46":0,"47":0,"48":0,"49":0},"f":{"0":0,"1":0,"2":0,"3":0,"4":0},"b":{},"_coverageSchema":"1a1c01bbd47fc00a2c39e90264f33305004495a9","hash":"b2a7d61815b29e06014da9e3328dcba434515284"}
,"D:\\Synrgy Academy - Bootcamp BCA x Binar\\Car-Management-Dashboard\\challenge_6\\src\\controllers\\users.ts": {"path":"D:\\Synrgy Academy - Bootcamp BCA x Binar\\Car-Management-Dashboard\\challenge_6\\src\\controllers\\users.ts","statementMap":{"0":{"start":{"line":7,"column":0},"end":{"line":7,"column":15}},"1":{"start":{"line":11,"column":20},"end":{"line":36,"column":3}},"2":{"start":{"line":12,"column":33},"end":{"line":12,"column":41}},"3":{"start":{"line":13,"column":23},"end":{"line":13,"column":37}},"4":{"start":{"line":14,"column":27},"end":{"line":14,"column":45}},"5":{"start":{"line":15,"column":4},"end":{"line":35,"column":5}},"6":{"start":{"line":16,"column":22},"end":{"line":16,"column":81}},"7":{"start":{"line":17,"column":40},"end":{"line":24,"column":7}},"8":{"start":{"line":25,"column":6},"end":{"line":25,"column":36}},"9":{"start":{"line":27,"column":40},"end":{"line":33,"column":7}},"10":{"start":{"line":34,"column":6},"end":{"line":34,"column":36}},"11":{"start":{"line":38,"column":17},"end":{"line":53,"column":3}},"12":{"start":{"line":39,"column":33},"end":{"line":39,"column":41}},"13":{"start":{"line":40,"column":4},"end":{"line":52,"column":5}},"14":{"start":{"line":41,"column":23},"end":{"line":41,"column":61}},"15":{"start":{"line":42,"column":6},"end":{"line":42,"column":36}},"16":{"start":{"line":44,"column":40},"end":{"line":50,"column":7}},"17":{"start":{"line":51,"column":6},"end":{"line":51,"column":36}},"18":{"start":{"line":55,"column":23},"end":{"line":70,"column":3}},"19":{"start":{"line":56,"column":20},"end":{"line":56,"column":52}},"20":{"start":{"line":57,"column":4},"end":{"line":69,"column":5}},"21":{"start":{"line":58,"column":23},"end":{"line":58,"column":62}},"22":{"start":{"line":59,"column":6},"end":{"line":59,"column":36}},"23":{"start":{"line":61,"column":40},"end":{"line":67,"column":7}},"24":{"start":{"line":68,"column":6},"end":{"line":68,"column":36}},"25":{"start":{"line":72,"column":18},"end":{"line":86,"column":3}},"26":{"start":{"line":73,"column":4},"end":{"line":85,"column":5}},"27":{"start":{"line":74,"column":23},"end":{"line":74,"column":53}},"28":{"start":{"line":75,"column":6},"end":{"line":75,"column":36}},"29":{"start":{"line":77,"column":40},"end":{"line":83,"column":7}},"30":{"start":{"line":84,"column":6},"end":{"line":84,"column":36}},"31":{"start":{"line":88,"column":23},"end":{"line":113,"column":3}},"32":{"start":{"line":89,"column":4},"end":{"line":112,"column":5}},"33":{"start":{"line":90,"column":19},"end":{"line":90,"column":69}},"34":{"start":{"line":91,"column":40},"end":{"line":101,"column":7}},"35":{"start":{"line":102,"column":6},"end":{"line":102,"column":36}},"36":{"start":{"line":104,"column":40},"end":{"line":110,"column":7}},"37":{"start":{"line":111,"column":6},"end":{"line":111,"column":36}},"38":{"start":{"line":115,"column":18},"end":{"line":150,"column":3}},"39":{"start":{"line":116,"column":17},"end":{"line":116,"column":41}},"40":{"start":{"line":117,"column":28},"end":{"line":117,"column":36}},"41":{"start":{"line":118,"column":20},"end":{"line":118,"column":38}},"42":{"start":{"line":119,"column":22},"end":{"line":119,"column":48}},"43":{"start":{"line":120,"column":24},"end":{"line":120,"column":48}},"44":{"start":{"line":121,"column":20},"end":{"line":121,"column":47}},"45":{"start":{"line":122,"column":4},"end":{"line":149,"column":5}},"46":{"start":{"line":123,"column":23},"end":{"line":123,"column":59}},"47":{"start":{"line":124,"column":21},"end":{"line":124,"column":94}},"48":{"start":{"line":125,"column":40},"end":{"line":138,"column":7}},"49":{"start":{"line":139,"column":6},"end":{"line":139,"column":36}},"50":{"start":{"line":141,"column":40},"end":{"line":147,"column":7}},"51":{"start":{"line":148,"column":6},"end":{"line":148,"column":36}}},"fnMap":{"0":{"name":"(anonymous_0)","decl":{"start":{"line":11,"column":20},"end":{"line":11,"column":21}},"loc":{"start":{"line":11,"column":73},"end":{"line":36,"column":3}},"line":11},"1":{"name":"(anonymous_1)","decl":{"start":{"line":38,"column":17},"end":{"line":38,"column":18}},"loc":{"start":{"line":38,"column":71},"end":{"line":53,"column":3}},"line":38},"2":{"name":"(anonymous_2)","decl":{"start":{"line":55,"column":23},"end":{"line":55,"column":24}},"loc":{"start":{"line":55,"column":77},"end":{"line":70,"column":3}},"line":55},"3":{"name":"(anonymous_3)","decl":{"start":{"line":72,"column":18},"end":{"line":72,"column":19}},"loc":{"start":{"line":72,"column":72},"end":{"line":86,"column":3}},"line":72},"4":{"name":"(anonymous_4)","decl":{"start":{"line":88,"column":23},"end":{"line":88,"column":24}},"loc":{"start":{"line":88,"column":77},"end":{"line":113,"column":3}},"line":88},"5":{"name":"(anonymous_5)","decl":{"start":{"line":115,"column":18},"end":{"line":115,"column":19}},"loc":{"start":{"line":115,"column":71},"end":{"line":150,"column":3}},"line":115}},"branchMap":{},"s":{"0":1,"1":1,"2":0,"3":0,"4":0,"5":0,"6":0,"7":0,"8":0,"9":0,"10":0,"11":1,"12":2,"13":2,"14":2,"15":1,"16":1,"17":1,"18":1,"19":0,"20":0,"21":0,"22":0,"23":0,"24":0,"25":1,"26":0,"27":0,"28":0,"29":0,"30":0,"31":1,"32":0,"33":0,"34":0,"35":0,"36":0,"37":0,"38":1,"39":0,"40":0,"41":0,"42":0,"43":0,"44":0,"45":0,"46":0,"47":0,"48":0,"49":0,"50":0,"51":0},"f":{"0":0,"1":2,"2":0,"3":0,"4":0,"5":0},"b":{},"_coverageSchema":"1a1c01bbd47fc00a2c39e90264f33305004495a9","hash":"16d88dab89cfcba36ec47e32c0f7b88d8661b689"}
,"D:\\Synrgy Academy - Bootcamp BCA x Binar\\Car-Management-Dashboard\\challenge_6\\src\\middlewares\\user.ts": {"path":"D:\\Synrgy Academy - Bootcamp BCA x Binar\\Car-Management-Dashboard\\challenge_6\\src\\middlewares\\user.ts","statementMap":{"0":{"start":{"line":5,"column":0},"end":{"line":5,"column":15}},"1":{"start":{"line":16,"column":23},"end":{"line":55,"column":3}},"2":{"start":{"line":17,"column":4},"end":{"line":54,"column":5}},"3":{"start":{"line":18,"column":20},"end":{"line":18,"column":45}},"4":{"start":{"line":21,"column":6},"end":{"line":23,"column":7}},"5":{"start":{"line":22,"column":8},"end":{"line":22,"column":46}},"6":{"start":{"line":24,"column":6},"end":{"line":33,"column":7}},"7":{"start":{"line":25,"column":42},"end":{"line":31,"column":9}},"8":{"start":{"line":32,"column":8},"end":{"line":32,"column":38}},"9":{"start":{"line":34,"column":6},"end":{"line":36,"column":7}},"10":{"start":{"line":35,"column":8},"end":{"line":35,"column":46}},"11":{"start":{"line":37,"column":31},"end":{"line":37,"column":50}},"12":{"start":{"line":38,"column":6},"end":{"line":44,"column":8}},"13":{"start":{"line":39,"column":8},"end":{"line":41,"column":9}},"14":{"start":{"line":40,"column":10},"end":{"line":40,"column":43}},"15":{"start":{"line":42,"column":8},"end":{"line":42,"column":31}},"16":{"start":{"line":43,"column":8},"end":{"line":43,"column":14}},"17":{"start":{"line":46,"column":40},"end":{"line":52,"column":7}},"18":{"start":{"line":53,"column":6},"end":{"line":53,"column":36}},"19":{"start":{"line":57,"column":19},"end":{"line":108,"column":3}},"20":{"start":{"line":58,"column":18},"end":{"line":58,"column":43}},"21":{"start":{"line":60,"column":4},"end":{"line":107,"column":5}},"22":{"start":{"line":61,"column":6},"end":{"line":63,"column":7}},"23":{"start":{"line":62,"column":8},"end":{"line":62,"column":46}},"24":{"start":{"line":64,"column":6},"end":{"line":73,"column":7}},"25":{"start":{"line":65,"column":42},"end":{"line":71,"column":9}},"26":{"start":{"line":72,"column":8},"end":{"line":72,"column":38}},"27":{"start":{"line":74,"column":6},"end":{"line":76,"column":7}},"28":{"start":{"line":75,"column":8},"end":{"line":75,"column":46}},"29":{"start":{"line":77,"column":31},"end":{"line":77,"column":50}},"30":{"start":{"line":78,"column":6},"end":{"line":97,"column":8}},"31":{"start":{"line":79,"column":8},"end":{"line":81,"column":9}},"32":{"start":{"line":80,"column":10},"end":{"line":80,"column":43}},"33":{"start":{"line":82,"column":29},"end":{"line":82,"column":41}},"34":{"start":{"line":83,"column":8},"end":{"line":96,"column":9}},"35":{"start":{"line":84,"column":10},"end":{"line":84,"column":33}},"36":{"start":{"line":85,"column":10},"end":{"line":85,"column":25}},"37":{"start":{"line":86,"column":10},"end":{"line":86,"column":16}},"38":{"start":{"line":88,"column":44},"end":{"line":94,"column":11}},"39":{"start":{"line":95,"column":10},"end":{"line":95,"column":40}},"40":{"start":{"line":99,"column":40},"end":{"line":105,"column":7}},"41":{"start":{"line":106,"column":6},"end":{"line":106,"column":36}},"42":{"start":{"line":110,"column":24},"end":{"line":160,"column":3}},"43":{"start":{"line":111,"column":4},"end":{"line":159,"column":5}},"44":{"start":{"line":112,"column":20},"end":{"line":112,"column":45}},"45":{"start":{"line":114,"column":6},"end":{"line":116,"column":7}},"46":{"start":{"line":115,"column":8},"end":{"line":115,"column":46}},"47":{"start":{"line":117,"column":6},"end":{"line":126,"column":7}},"48":{"start":{"line":118,"column":42},"end":{"line":124,"column":9}},"49":{"start":{"line":125,"column":8},"end":{"line":125,"column":38}},"50":{"start":{"line":127,"column":6},"end":{"line":129,"column":7}},"51":{"start":{"line":128,"column":8},"end":{"line":128,"column":46}},"52":{"start":{"line":130,"column":31},"end":{"line":130,"column":50}},"53":{"start":{"line":131,"column":6},"end":{"line":149,"column":8}},"54":{"start":{"line":132,"column":8},"end":{"line":134,"column":9}},"55":{"start":{"line":133,"column":10},"end":{"line":133,"column":43}},"56":{"start":{"line":135,"column":29},"end":{"line":135,"column":41}},"57":{"start":{"line":136,"column":8},"end":{"line":148,"column":9}},"58":{"start":{"line":137,"column":10},"end":{"line":137,"column":25}},"59":{"start":{"line":138,"column":10},"end":{"line":138,"column":16}},"60":{"start":{"line":140,"column":44},"end":{"line":146,"column":11}},"61":{"start":{"line":147,"column":10},"end":{"line":147,"column":64}},"62":{"start":{"line":151,"column":40},"end":{"line":157,"column":7}},"63":{"start":{"line":158,"column":6},"end":{"line":158,"column":36}}},"fnMap":{"0":{"name":"(anonymous_0)","decl":{"start":{"line":16,"column":23},"end":{"line":16,"column":24}},"loc":{"start":{"line":16,"column":93},"end":{"line":55,"column":3}},"line":16},"1":{"name":"(anonymous_1)","decl":{"start":{"line":38,"column":64},"end":{"line":38,"column":65}},"loc":{"start":{"line":38,"column":92},"end":{"line":44,"column":7}},"line":38},"2":{"name":"(anonymous_2)","decl":{"start":{"line":57,"column":19},"end":{"line":57,"column":20}},"loc":{"start":{"line":57,"column":93},"end":{"line":108,"column":3}},"line":57},"3":{"name":"(anonymous_3)","decl":{"start":{"line":78,"column":64},"end":{"line":78,"column":65}},"loc":{"start":{"line":78,"column":92},"end":{"line":97,"column":7}},"line":78},"4":{"name":"(anonymous_4)","decl":{"start":{"line":110,"column":24},"end":{"line":110,"column":25}},"loc":{"start":{"line":110,"column":98},"end":{"line":160,"column":3}},"line":110},"5":{"name":"(anonymous_5)","decl":{"start":{"line":131,"column":64},"end":{"line":131,"column":65}},"loc":{"start":{"line":131,"column":92},"end":{"line":149,"column":7}},"line":131}},"branchMap":{"0":{"loc":{"start":{"line":21,"column":6},"end":{"line":23,"column":7}},"type":"if","locations":[{"start":{"line":21,"column":6},"end":{"line":23,"column":7}},{"start":{},"end":{}}],"line":21},"1":{"loc":{"start":{"line":24,"column":6},"end":{"line":33,"column":7}},"type":"if","locations":[{"start":{"line":24,"column":6},"end":{"line":33,"column":7}},{"start":{},"end":{}}],"line":24},"2":{"loc":{"start":{"line":34,"column":6},"end":{"line":36,"column":7}},"type":"if","locations":[{"start":{"line":34,"column":6},"end":{"line":36,"column":7}},{"start":{},"end":{}}],"line":34},"3":{"loc":{"start":{"line":38,"column":27},"end":{"line":38,"column":62}},"type":"binary-expr","locations":[{"start":{"line":38,"column":27},"end":{"line":38,"column":49}},{"start":{"line":38,"column":53},"end":{"line":38,"column":62}}],"line":38},"4":{"loc":{"start":{"line":39,"column":8},"end":{"line":41,"column":9}},"type":"if","locations":[{"start":{"line":39,"column":8},"end":{"line":41,"column":9}},{"start":{},"end":{}}],"line":39},"5":{"loc":{"start":{"line":61,"column":6},"end":{"line":63,"column":7}},"type":"if","locations":[{"start":{"line":61,"column":6},"end":{"line":63,"column":7}},{"start":{},"end":{}}],"line":61},"6":{"loc":{"start":{"line":64,"column":6},"end":{"line":73,"column":7}},"type":"if","locations":[{"start":{"line":64,"column":6},"end":{"line":73,"column":7}},{"start":{},"end":{}}],"line":64},"7":{"loc":{"start":{"line":74,"column":6},"end":{"line":76,"column":7}},"type":"if","locations":[{"start":{"line":74,"column":6},"end":{"line":76,"column":7}},{"start":{},"end":{}}],"line":74},"8":{"loc":{"start":{"line":78,"column":27},"end":{"line":78,"column":62}},"type":"binary-expr","locations":[{"start":{"line":78,"column":27},"end":{"line":78,"column":49}},{"start":{"line":78,"column":53},"end":{"line":78,"column":62}}],"line":78},"9":{"loc":{"start":{"line":79,"column":8},"end":{"line":81,"column":9}},"type":"if","locations":[{"start":{"line":79,"column":8},"end":{"line":81,"column":9}},{"start":{},"end":{}}],"line":79},"10":{"loc":{"start":{"line":83,"column":8},"end":{"line":96,"column":9}},"type":"if","locations":[{"start":{"line":83,"column":8},"end":{"line":96,"column":9}},{"start":{"line":87,"column":15},"end":{"line":96,"column":9}}],"line":83},"11":{"loc":{"start":{"line":83,"column":12},"end":{"line":83,"column":53}},"type":"binary-expr","locations":[{"start":{"line":83,"column":12},"end":{"line":83,"column":28}},{"start":{"line":83,"column":32},"end":{"line":83,"column":53}}],"line":83},"12":{"loc":{"start":{"line":114,"column":6},"end":{"line":116,"column":7}},"type":"if","locations":[{"start":{"line":114,"column":6},"end":{"line":116,"column":7}},{"start":{},"end":{}}],"line":114},"13":{"loc":{"start":{"line":117,"column":6},"end":{"line":126,"column":7}},"type":"if","locations":[{"start":{"line":117,"column":6},"end":{"line":126,"column":7}},{"start":{},"end":{}}],"line":117},"14":{"loc":{"start":{"line":127,"column":6},"end":{"line":129,"column":7}},"type":"if","locations":[{"start":{"line":127,"column":6},"end":{"line":129,"column":7}},{"start":{},"end":{}}],"line":127},"15":{"loc":{"start":{"line":131,"column":27},"end":{"line":131,"column":62}},"type":"binary-expr","locations":[{"start":{"line":131,"column":27},"end":{"line":131,"column":49}},{"start":{"line":131,"column":53},"end":{"line":131,"column":62}}],"line":131},"16":{"loc":{"start":{"line":132,"column":8},"end":{"line":134,"column":9}},"type":"if","locations":[{"start":{"line":132,"column":8},"end":{"line":134,"column":9}},{"start":{},"end":{}}],"line":132},"17":{"loc":{"start":{"line":136,"column":8},"end":{"line":148,"column":9}},"type":"if","locations":[{"start":{"line":136,"column":8},"end":{"line":148,"column":9}},{"start":{"line":139,"column":15},"end":{"line":148,"column":9}}],"line":136}},"s":{"0":1,"1":1,"2":0,"3":0,"4":0,"5":0,"6":0,"7":0,"8":0,"9":0,"10":0,"11":0,"12":0,"13":0,"14":0,"15":0,"16":0,"17":0,"18":0,"19":1,"20":0,"21":0,"22":0,"23":0,"24":0,"25":0,"26":0,"27":0,"28":0,"29":0,"30":0,"31":0,"32":0,"33":0,"34":0,"35":0,"36":0,"37":0,"38":0,"39":0,"40":0,"41":0,"42":1,"43":0,"44":0,"45":0,"46":0,"47":0,"48":0,"49":0,"50":0,"51":0,"52":0,"53":0,"54":0,"55":0,"56":0,"57":0,"58":0,"59":0,"60":0,"61":0,"62":0,"63":0},"f":{"0":0,"1":0,"2":0,"3":0,"4":0,"5":0},"b":{"0":[0,0],"1":[0,0],"2":[0,0],"3":[0,0],"4":[0,0],"5":[0,0],"6":[0,0],"7":[0,0],"8":[0,0],"9":[0,0],"10":[0,0],"11":[0,0],"12":[0,0],"13":[0,0],"14":[0,0],"15":[0,0],"16":[0,0],"17":[0,0]},"_coverageSchema":"1a1c01bbd47fc00a2c39e90264f33305004495a9","hash":"6bb234a3792715805b062aebb9c86fc0408fd767"}
,"D:\\Synrgy Academy - Bootcamp BCA x Binar\\Car-Management-Dashboard\\challenge_6\\src\\repositories\\cars.ts": {"path":"D:\\Synrgy Academy - Bootcamp BCA x Binar\\Car-Management-Dashboard\\challenge_6\\src\\repositories\\cars.ts","statementMap":{"0":{"start":{"line":5,"column":0},"end":{"line":5,"column":15}},"1":{"start":{"line":15,"column":17},"end":{"line":15,"column":133}},"2":{"start":{"line":17,"column":22},"end":{"line":17,"column":104}},"3":{"start":{"line":19,"column":4},"end":{"line":22,"column":5}},"4":{"start":{"line":26,"column":19},"end":{"line":26,"column":70}},"5":{"start":{"line":28,"column":17},"end":{"line":34,"column":40}},"6":{"start":{"line":36,"column":22},"end":{"line":36,"column":126}},"7":{"start":{"line":38,"column":4},"end":{"line":41,"column":5}},"8":{"start":{"line":45,"column":4},"end":{"line":45,"column":77}},"9":{"start":{"line":49,"column":4},"end":{"line":49,"column":54}},"10":{"start":{"line":53,"column":4},"end":{"line":53,"column":83}},"11":{"start":{"line":57,"column":4},"end":{"line":57,"column":75}},"12":{"start":{"line":61,"column":4},"end":{"line":61,"column":93}}},"fnMap":{"0":{"name":"(anonymous_0)","decl":{"start":{"line":14,"column":2},"end":{"line":14,"column":3}},"loc":{"start":{"line":14,"column":91},"end":{"line":23,"column":3}},"line":14},"1":{"name":"(anonymous_1)","decl":{"start":{"line":25,"column":2},"end":{"line":25,"column":3}},"loc":{"start":{"line":25,"column":111},"end":{"line":42,"column":3}},"line":25},"2":{"name":"(anonymous_2)","decl":{"start":{"line":44,"column":2},"end":{"line":44,"column":3}},"loc":{"start":{"line":44,"column":56},"end":{"line":46,"column":3}},"line":44},"3":{"name":"(anonymous_3)","decl":{"start":{"line":48,"column":2},"end":{"line":48,"column":3}},"loc":{"start":{"line":48,"column":59},"end":{"line":50,"column":3}},"line":48},"4":{"name":"(anonymous_4)","decl":{"start":{"line":52,"column":2},"end":{"line":52,"column":3}},"loc":{"start":{"line":52,"column":90},"end":{"line":54,"column":3}},"line":52},"5":{"name":"(anonymous_5)","decl":{"start":{"line":56,"column":2},"end":{"line":56,"column":3}},"loc":{"start":{"line":56,"column":69},"end":{"line":58,"column":3}},"line":56},"6":{"name":"(anonymous_6)","decl":{"start":{"line":60,"column":2},"end":{"line":60,"column":3}},"loc":{"start":{"line":60,"column":63},"end":{"line":62,"column":3}},"line":60}},"branchMap":{"0":{"loc":{"start":{"line":26,"column":19},"end":{"line":26,"column":70}},"type":"cond-expr","locations":[{"start":{"line":26,"column":26},"end":{"line":26,"column":44}},{"start":{"line":26,"column":47},"end":{"line":26,"column":70}}],"line":26},"1":{"loc":{"start":{"line":36,"column":86},"end":{"line":36,"column":96}},"type":"binary-expr","locations":[{"start":{"line":36,"column":86},"end":{"line":36,"column":90}},{"start":{"line":36,"column":94},"end":{"line":36,"column":96}}],"line":36}},"s":{"0":1,"1":0,"2":0,"3":0,"4":0,"5":0,"6":0,"7":0,"8":0,"9":0,"10":0,"11":0,"12":0},"f":{"0":0,"1":0,"2":0,"3":0,"4":0,"5":0,"6":0},"b":{"0":[0,0],"1":[0,0]},"_coverageSchema":"1a1c01bbd47fc00a2c39e90264f33305004495a9","hash":"e8ddddc530663438974885b1372f3e977991589c"}
,"D:\\Synrgy Academy - Bootcamp BCA x Binar\\Car-Management-Dashboard\\challenge_6\\src\\repositories\\users.ts": {"path":"D:\\Synrgy Academy - Bootcamp BCA x Binar\\Car-Management-Dashboard\\challenge_6\\src\\repositories\\users.ts","statementMap":{"0":{"start":{"line":5,"column":0},"end":{"line":5,"column":15}},"1":{"start":{"line":15,"column":45},"end":{"line":15,"column":47}},"2":{"start":{"line":18,"column":4},"end":{"line":18,"column":23}},"3":{"start":{"line":19,"column":4},"end":{"line":19,"column":25}},"4":{"start":{"line":23,"column":17},"end":{"line":23,"column":64}},"5":{"start":{"line":23,"column":40},"end":{"line":23,"column":63}},"6":{"start":{"line":24,"column":4},"end":{"line":24,"column":15}},"7":{"start":{"line":28,"column":4},"end":{"line":28,"column":24}},"8":{"start":{"line":32,"column":4},"end":{"line":32,"column":85}},"9":{"start":{"line":36,"column":4},"end":{"line":36,"column":87}},"10":{"start":{"line":40,"column":4},"end":{"line":40,"column":62}},"11":{"start":{"line":44,"column":4},"end":{"line":44,"column":90}},"12":{"start":{"line":48,"column":4},"end":{"line":48,"column":119}}},"fnMap":{"0":{"name":"(anonymous_0)","decl":{"start":{"line":17,"column":2},"end":{"line":17,"column":3}},"loc":{"start":{"line":17,"column":54},"end":{"line":20,"column":3}},"line":17},"1":{"name":"(anonymous_1)","decl":{"start":{"line":22,"column":2},"end":{"line":22,"column":3}},"loc":{"start":{"line":22,"column":76},"end":{"line":25,"column":3}},"line":22},"2":{"name":"(anonymous_2)","decl":{"start":{"line":23,"column":33},"end":{"line":23,"column":34}},"loc":{"start":{"line":23,"column":40},"end":{"line":23,"column":63}},"line":23},"3":{"name":"(anonymous_3)","decl":{"start":{"line":27,"column":2},"end":{"line":27,"column":3}},"loc":{"start":{"line":27,"column":59},"end":{"line":29,"column":3}},"line":27},"4":{"name":"(anonymous_4)","decl":{"start":{"line":31,"column":2},"end":{"line":31,"column":3}},"loc":{"start":{"line":31,"column":65},"end":{"line":33,"column":3}},"line":31},"5":{"name":"(anonymous_5)","decl":{"start":{"line":35,"column":2},"end":{"line":35,"column":3}},"loc":{"start":{"line":35,"column":67},"end":{"line":37,"column":3}},"line":35},"6":{"name":"(anonymous_6)","decl":{"start":{"line":39,"column":2},"end":{"line":39,"column":3}},"loc":{"start":{"line":39,"column":61},"end":{"line":41,"column":3}},"line":39},"7":{"name":"(anonymous_7)","decl":{"start":{"line":43,"column":2},"end":{"line":43,"column":3}},"loc":{"start":{"line":43,"column":44},"end":{"line":45,"column":3}},"line":43},"8":{"name":"(anonymous_8)","decl":{"start":{"line":47,"column":2},"end":{"line":47,"column":3}},"loc":{"start":{"line":47,"column":66},"end":{"line":49,"column":3}},"line":47}},"branchMap":{},"s":{"0":1,"1":1,"2":1,"3":1,"4":2,"5":2,"6":1,"7":1,"8":0,"9":0,"10":0,"11":0,"12":0},"f":{"0":1,"1":2,"2":2,"3":1,"4":0,"5":0,"6":0,"7":0,"8":0},"b":{},"_coverageSchema":"1a1c01bbd47fc00a2c39e90264f33305004495a9","hash":"9800b8123cb6f5f28f972059d569ea95fe4f059c"}
,"D:\\Synrgy Academy - Bootcamp BCA x Binar\\Car-Management-Dashboard\\challenge_6\\src\\routes\\routers.ts": {"path":"D:\\Synrgy Academy - Bootcamp BCA x Binar\\Car-Management-Dashboard\\challenge_6\\src\\routes\\routers.ts","statementMap":{"0":{"start":{"line":9,"column":15},"end":{"line":9,"column":31}},"1":{"start":{"line":12,"column":0},"end":{"line":12,"column":54}},"2":{"start":{"line":15,"column":0},"end":{"line":15,"column":48}},"3":{"start":{"line":16,"column":0},"end":{"line":16,"column":124}},"4":{"start":{"line":17,"column":0},"end":{"line":17,"column":80}},"5":{"start":{"line":20,"column":0},"end":{"line":20,"column":61}},"6":{"start":{"line":23,"column":0},"end":{"line":23,"column":104}},"7":{"start":{"line":24,"column":0},"end":{"line":24,"column":120}},"8":{"start":{"line":25,"column":0},"end":{"line":25,"column":125}},"9":{"start":{"line":26,"column":0},"end":{"line":26,"column":113}},"10":{"start":{"line":29,"column":0},"end":{"line":29,"column":94}},"11":{"start":{"line":30,"column":0},"end":{"line":30,"column":110}},"12":{"start":{"line":31,"column":0},"end":{"line":31,"column":115}},"13":{"start":{"line":32,"column":0},"end":{"line":32,"column":103}},"14":{"start":{"line":35,"column":0},"end":{"line":35,"column":77}},"15":{"start":{"line":38,"column":0},"end":{"line":38,"column":69}},"16":{"start":{"line":41,"column":0},"end":{"line":41,"column":36}},"17":{"start":{"line":42,"column":0},"end":{"line":42,"column":43}},"18":{"start":{"line":45,"column":43},"end":{"line":45,"column":72}},"19":{"start":{"line":46,"column":0},"end":{"line":46,"column":84}}},"fnMap":{},"branchMap":{},"s":{"0":1,"1":1,"2":1,"3":1,"4":1,"5":1,"6":1,"7":1,"8":1,"9":1,"10":1,"11":1,"12":1,"13":1,"14":1,"15":1,"16":1,"17":1,"18":1,"19":1},"f":{},"b":{},"_coverageSchema":"1a1c01bbd47fc00a2c39e90264f33305004495a9","hash":"4d64e45ee62ebfc01a8f3d77604515b682e4e97f"}
,"D:\\Synrgy Academy - Bootcamp BCA x Binar\\Car-Management-Dashboard\\challenge_6\\src\\services\\cars.ts": {"path":"D:\\Synrgy Academy - Bootcamp BCA x Binar\\Car-Management-Dashboard\\challenge_6\\src\\services\\cars.ts","statementMap":{"0":{"start":{"line":17,"column":19},"end":{"line":125,"column":3}},"1":{"start":{"line":20,"column":30},"end":{"line":20,"column":64}},"2":{"start":{"line":21,"column":26},"end":{"line":21,"column":56}},"3":{"start":{"line":23,"column":30},"end":{"line":23,"column":69}},"4":{"start":{"line":25,"column":4},"end":{"line":33,"column":5}},"5":{"start":{"line":26,"column":22},"end":{"line":26,"column":78}},"6":{"start":{"line":27,"column":6},"end":{"line":27,"column":27}},"7":{"start":{"line":28,"column":6},"end":{"line":28,"column":34}},"8":{"start":{"line":30,"column":22},"end":{"line":30,"column":89}},"9":{"start":{"line":31,"column":6},"end":{"line":31,"column":27}},"10":{"start":{"line":32,"column":6},"end":{"line":32,"column":34}},"11":{"start":{"line":35,"column":4},"end":{"line":39,"column":6}},"12":{"start":{"line":36,"column":20},"end":{"line":36,"column":52}},"13":{"start":{"line":37,"column":20},"end":{"line":37,"column":52}},"14":{"start":{"line":38,"column":6},"end":{"line":38,"column":26}},"15":{"start":{"line":41,"column":26},"end":{"line":59,"column":6}},"16":{"start":{"line":42,"column":22},"end":{"line":42,"column":46}},"17":{"start":{"line":43,"column":24},"end":{"line":43,"column":74}},"18":{"start":{"line":44,"column":22},"end":{"line":47,"column":9}},"19":{"start":{"line":48,"column":6},"end":{"line":58,"column":7}},"20":{"start":{"line":61,"column":4},"end":{"line":117,"column":5}},"21":{"start":{"line":62,"column":28},"end":{"line":64,"column":7}},"22":{"start":{"line":63,"column":8},"end":{"line":63,"column":61}},"23":{"start":{"line":65,"column":6},"end":{"line":89,"column":11}},"24":{"start":{"line":67,"column":27},"end":{"line":67,"column":44}},"25":{"start":{"line":68,"column":25},"end":{"line":78,"column":11}},"26":{"start":{"line":79,"column":38},"end":{"line":89,"column":9}},"27":{"start":{"line":91,"column":6},"end":{"line":91,"column":34}},"28":{"start":{"line":92,"column":11},"end":{"line":117,"column":5}},"29":{"start":{"line":93,"column":6},"end":{"line":103,"column":9}},"30":{"start":{"line":93,"column":45},"end":{"line":93,"column":62}},"31":{"start":{"line":93,"column":78},"end":{"line":103,"column":7}},"32":{"start":{"line":104,"column":6},"end":{"line":104,"column":34}},"33":{"start":{"line":106,"column":6},"end":{"line":116,"column":9}},"34":{"start":{"line":106,"column":43},"end":{"line":116,"column":7}},"35":{"start":{"line":119,"column":4},"end":{"line":124,"column":5}},"36":{"start":{"line":127,"column":21},"end":{"line":171,"column":3}},"37":{"start":{"line":128,"column":4},"end":{"line":170,"column":5}},"38":{"start":{"line":129,"column":6},"end":{"line":141,"column":7}},"39":{"start":{"line":130,"column":8},"end":{"line":140,"column":26}},"40":{"start":{"line":142,"column":6},"end":{"line":148,"column":7}},"41":{"start":{"line":147,"column":8},"end":{"line":147,"column":50}},"42":{"start":{"line":149,"column":23},"end":{"line":156,"column":7}},"43":{"start":{"line":151,"column":10},"end":{"line":153,"column":11}},"44":{"start":{"line":152,"column":12},"end":{"line":152,"column":67}},"45":{"start":{"line":154,"column":10},"end":{"line":154,"column":23}},"46":{"start":{"line":157,"column":33},"end":{"line":165,"column":7}},"47":{"start":{"line":166,"column":6},"end":{"line":166,"column":43}},"48":{"start":{"line":167,"column":6},"end":{"line":167,"column":19}},"49":{"start":{"line":169,"column":6},"end":{"line":169,"column":25}},"50":{"start":{"line":173,"column":22},"end":{"line":203,"column":3}},"51":{"start":{"line":174,"column":4},"end":{"line":202,"column":5}},"52":{"start":{"line":175,"column":21},"end":{"line":175,"column":58}},"53":{"start":{"line":176,"column":96},"end":{"line":176,"column":102}},"54":{"start":{"line":177,"column":6},"end":{"line":179,"column":7}},"55":{"start":{"line":178,"column":8},"end":{"line":178,"column":40}},"56":{"start":{"line":181,"column":22},"end":{"line":181,"column":42}},"57":{"start":{"line":182,"column":24},"end":{"line":182,"column":74}},"58":{"start":{"line":183,"column":22},"end":{"line":186,"column":9}},"59":{"start":{"line":188,"column":34},"end":{"line":198,"column":7}},"60":{"start":{"line":199,"column":6},"end":{"line":199,"column":27}},"61":{"start":{"line":201,"column":6},"end":{"line":201,"column":25}},"62":{"start":{"line":205,"column":21},"end":{"line":244,"column":3}},"63":{"start":{"line":206,"column":22},"end":{"line":206,"column":29}},"64":{"start":{"line":207,"column":4},"end":{"line":243,"column":5}},"65":{"start":{"line":208,"column":21},"end":{"line":208,"column":58}},"66":{"start":{"line":209,"column":6},"end":{"line":211,"column":7}},"67":{"start":{"line":210,"column":8},"end":{"line":210,"column":41}},"68":{"start":{"line":212,"column":6},"end":{"line":214,"column":7}},"69":{"start":{"line":213,"column":8},"end":{"line":213,"column":66}},"70":{"start":{"line":216,"column":6},"end":{"line":218,"column":7}},"71":{"start":{"line":217,"column":8},"end":{"line":217,"column":59}},"72":{"start":{"line":220,"column":36},"end":{"line":224,"column":7}},"73":{"start":{"line":226,"column":24},"end":{"line":226,"column":71}},"74":{"start":{"line":228,"column":6},"end":{"line":230,"column":7}},"75":{"start":{"line":229,"column":8},"end":{"line":229,"column":41}},"76":{"start":{"line":232,"column":40},"end":{"line":238,"column":7}},"77":{"start":{"line":240,"column":6},"end":{"line":240,"column":21}},"78":{"start":{"line":242,"column":6},"end":{"line":242,"column":25}},"79":{"start":{"line":246,"column":21},"end":{"line":290,"column":3}},"80":{"start":{"line":248,"column":4},"end":{"line":289,"column":5}},"81":{"start":{"line":249,"column":21},"end":{"line":249,"column":58}},"82":{"start":{"line":250,"column":6},"end":{"line":252,"column":7}},"83":{"start":{"line":251,"column":8},"end":{"line":251,"column":41}},"84":{"start":{"line":254,"column":6},"end":{"line":256,"column":7}},"85":{"start":{"line":255,"column":8},"end":{"line":255,"column":66}},"86":{"start":{"line":258,"column":6},"end":{"line":260,"column":7}},"87":{"start":{"line":259,"column":8},"end":{"line":259,"column":59}},"88":{"start":{"line":262,"column":6},"end":{"line":285,"column":7}},"89":{"start":{"line":263,"column":8},"end":{"line":269,"column":9}},"90":{"start":{"line":268,"column":10},"end":{"line":268,"column":52}},"91":{"start":{"line":270,"column":23},"end":{"line":279,"column":9}},"92":{"start":{"line":274,"column":12},"end":{"line":276,"column":13}},"93":{"start":{"line":275,"column":14},"end":{"line":275,"column":69}},"94":{"start":{"line":277,"column":12},"end":{"line":277,"column":25}},"95":{"start":{"line":281,"column":25},"end":{"line":281,"column":42}},"96":{"start":{"line":282,"column":8},"end":{"line":282,"column":87}},"97":{"start":{"line":284,"column":8},"end":{"line":284,"column":77}},"98":{"start":{"line":286,"column":6},"end":{"line":286,"column":29}},"99":{"start":{"line":288,"column":6},"end":{"line":288,"column":25}},"100":{"start":{"line":293,"column":50},"end":{"line":293,"column":57}},"101":{"start":{"line":294,"column":34},"end":{"line":301,"column":5}},"102":{"start":{"line":302,"column":4},"end":{"line":302,"column":51}},"103":{"start":{"line":303,"column":4},"end":{"line":303,"column":20}}},"fnMap":{"0":{"name":"(anonymous_0)","decl":{"start":{"line":17,"column":19},"end":{"line":17,"column":20}},"loc":{"start":{"line":17,"column":143},"end":{"line":125,"column":3}},"line":17},"1":{"name":"(anonymous_1)","decl":{"start":{"line":35,"column":16},"end":{"line":35,"column":17}},"loc":{"start":{"line":35,"column":26},"end":{"line":39,"column":5}},"line":35},"2":{"name":"(anonymous_2)","decl":{"start":{"line":41,"column":37},"end":{"line":41,"column":38}},"loc":{"start":{"line":41,"column":46},"end":{"line":59,"column":5}},"line":41},"3":{"name":"(anonymous_3)","decl":{"start":{"line":62,"column":49},"end":{"line":62,"column":50}},"loc":{"start":{"line":63,"column":8},"end":{"line":63,"column":61}},"line":63},"4":{"name":"(anonymous_4)","decl":{"start":{"line":67,"column":18},"end":{"line":67,"column":19}},"loc":{"start":{"line":67,"column":27},"end":{"line":67,"column":44}},"line":67},"5":{"name":"(anonymous_5)","decl":{"start":{"line":68,"column":15},"end":{"line":68,"column":16}},"loc":{"start":{"line":68,"column":25},"end":{"line":78,"column":11}},"line":68},"6":{"name":"(anonymous_6)","decl":{"start":{"line":79,"column":28},"end":{"line":79,"column":29}},"loc":{"start":{"line":79,"column":38},"end":{"line":89,"column":9}},"line":79},"7":{"name":"(anonymous_7)","decl":{"start":{"line":93,"column":36},"end":{"line":93,"column":37}},"loc":{"start":{"line":93,"column":45},"end":{"line":93,"column":62}},"line":93},"8":{"name":"(anonymous_8)","decl":{"start":{"line":93,"column":68},"end":{"line":93,"column":69}},"loc":{"start":{"line":93,"column":78},"end":{"line":103,"column":7}},"line":93},"9":{"name":"(anonymous_9)","decl":{"start":{"line":106,"column":33},"end":{"line":106,"column":34}},"loc":{"start":{"line":106,"column":43},"end":{"line":116,"column":7}},"line":106},"10":{"name":"(anonymous_10)","decl":{"start":{"line":127,"column":21},"end":{"line":127,"column":22}},"loc":{"start":{"line":127,"column":150},"end":{"line":171,"column":3}},"line":127},"11":{"name":"(anonymous_11)","decl":{"start":{"line":150,"column":8},"end":{"line":150,"column":9}},"loc":{"start":{"line":150,"column":41},"end":{"line":155,"column":9}},"line":150},"12":{"name":"(anonymous_12)","decl":{"start":{"line":173,"column":22},"end":{"line":173,"column":23}},"loc":{"start":{"line":173,"column":61},"end":{"line":203,"column":3}},"line":173},"13":{"name":"(anonymous_13)","decl":{"start":{"line":205,"column":21},"end":{"line":205,"column":22}},"loc":{"start":{"line":205,"column":106},"end":{"line":244,"column":3}},"line":205},"14":{"name":"(anonymous_14)","decl":{"start":{"line":246,"column":21},"end":{"line":246,"column":22}},"loc":{"start":{"line":246,"column":176},"end":{"line":290,"column":3}},"line":246},"15":{"name":"(anonymous_15)","decl":{"start":{"line":273,"column":10},"end":{"line":273,"column":11}},"loc":{"start":{"line":273,"column":51},"end":{"line":278,"column":11}},"line":273},"16":{"name":"(anonymous_16)","decl":{"start":{"line":292,"column":2},"end":{"line":292,"column":3}},"loc":{"start":{"line":292,"column":69},"end":{"line":304,"column":3}},"line":292}},"branchMap":{"0":{"loc":{"start":{"line":20,"column":30},"end":{"line":20,"column":64}},"type":"binary-expr","locations":[{"start":{"line":20,"column":30},"end":{"line":20,"column":49}},{"start":{"line":20,"column":53},"end":{"line":20,"column":64}}],"line":20},"1":{"loc":{"start":{"line":21,"column":26},"end":{"line":21,"column":56}},"type":"binary-expr","locations":[{"start":{"line":21,"column":26},"end":{"line":21,"column":41}},{"start":{"line":21,"column":45},"end":{"line":21,"column":56}}],"line":21},"2":{"loc":{"start":{"line":25,"column":4},"end":{"line":33,"column":5}},"type":"if","locations":[{"start":{"line":25,"column":4},"end":{"line":33,"column":5}},{"start":{"line":29,"column":11},"end":{"line":33,"column":5}}],"line":25},"3":{"loc":{"start":{"line":61,"column":4},"end":{"line":117,"column":5}},"type":"if","locations":[{"start":{"line":61,"column":4},"end":{"line":117,"column":5}},{"start":{"line":92,"column":11},"end":{"line":117,"column":5}}],"line":61},"4":{"loc":{"start":{"line":65,"column":15},"end":{"line":89,"column":11}},"type":"cond-expr","locations":[{"start":{"line":66,"column":10},"end":{"line":78,"column":13}},{"start":{"line":79,"column":10},"end":{"line":89,"column":11}}],"line":65},"5":{"loc":{"start":{"line":92,"column":11},"end":{"line":117,"column":5}},"type":"if","locations":[{"start":{"line":92,"column":11},"end":{"line":117,"column":5}},{"start":{"line":105,"column":11},"end":{"line":117,"column":5}}],"line":92},"6":{"loc":{"start":{"line":129,"column":6},"end":{"line":141,"column":7}},"type":"if","locations":[{"start":{"line":129,"column":6},"end":{"line":141,"column":7}},{"start":{},"end":{}}],"line":129},"7":{"loc":{"start":{"line":129,"column":10},"end":{"line":129,"column":67}},"type":"binary-expr","locations":[{"start":{"line":129,"column":10},"end":{"line":129,"column":23}},{"start":{"line":129,"column":27},"end":{"line":129,"column":40}},{"start":{"line":129,"column":44},"end":{"line":129,"column":57}},{"start":{"line":129,"column":61},"end":{"line":129,"column":67}}],"line":129},"8":{"loc":{"start":{"line":131,"column":10},"end":{"line":139,"column":18}},"type":"cond-expr","locations":[{"start":{"line":132,"column":14},"end":{"line":132,"column":20}},{"start":{"line":133,"column":14},"end":{"line":139,"column":18}}],"line":131},"9":{"loc":{"start":{"line":133,"column":14},"end":{"line":139,"column":18}},"type":"cond-expr","locations":[{"start":{"line":134,"column":14},"end":{"line":134,"column":20}},{"start":{"line":135,"column":14},"end":{"line":139,"column":18}}],"line":133},"10":{"loc":{"start":{"line":135,"column":14},"end":{"line":139,"column":18}},"type":"cond-expr","locations":[{"start":{"line":136,"column":14},"end":{"line":136,"column":20}},{"start":{"line":137,"column":14},"end":{"line":139,"column":18}}],"line":135},"11":{"loc":{"start":{"line":137,"column":14},"end":{"line":139,"column":18}},"type":"cond-expr","locations":[{"start":{"line":138,"column":14},"end":{"line":138,"column":21}},{"start":{"line":139,"column":14},"end":{"line":139,"column":18}}],"line":137},"12":{"loc":{"start":{"line":142,"column":6},"end":{"line":148,"column":7}},"type":"if","locations":[{"start":{"line":142,"column":6},"end":{"line":148,"column":7}},{"start":{},"end":{}}],"line":142},"13":{"loc":{"start":{"line":143,"column":8},"end":{"line":145,"column":34}},"type":"binary-expr","locations":[{"start":{"line":143,"column":8},"end":{"line":143,"column":33}},{"start":{"line":144,"column":8},"end":{"line":144,"column":33}},{"start":{"line":145,"column":8},"end":{"line":145,"column":34}}],"line":143},"14":{"loc":{"start":{"line":151,"column":10},"end":{"line":153,"column":11}},"type":"if","locations":[{"start":{"line":151,"column":10},"end":{"line":153,"column":11}},{"start":{},"end":{}}],"line":151},"15":{"loc":{"start":{"line":177,"column":6},"end":{"line":179,"column":7}},"type":"if","locations":[{"start":{"line":177,"column":6},"end":{"line":179,"column":7}},{"start":{},"end":{}}],"line":177},"16":{"loc":{"start":{"line":209,"column":6},"end":{"line":211,"column":7}},"type":"if","locations":[{"start":{"line":209,"column":6},"end":{"line":211,"column":7}},{"start":{},"end":{}}],"line":209},"17":{"loc":{"start":{"line":212,"column":6},"end":{"line":214,"column":7}},"type":"if","locations":[{"start":{"line":212,"column":6},"end":{"line":214,"column":7}},{"start":{},"end":{}}],"line":212},"18":{"loc":{"start":{"line":212,"column":10},"end":{"line":212,"column":70}},"type":"binary-expr","locations":[{"start":{"line":212,"column":10},"end":{"line":212,"column":42}},{"start":{"line":212,"column":46},"end":{"line":212,"column":70}}],"line":212},"19":{"loc":{"start":{"line":216,"column":6},"end":{"line":218,"column":7}},"type":"if","locations":[{"start":{"line":216,"column":6},"end":{"line":218,"column":7}},{"start":{},"end":{}}],"line":216},"20":{"loc":{"start":{"line":216,"column":10},"end":{"line":216,"column":65}},"type":"binary-expr","locations":[{"start":{"line":216,"column":10},"end":{"line":216,"column":37}},{"start":{"line":216,"column":41},"end":{"line":216,"column":65}}],"line":216},"21":{"loc":{"start":{"line":228,"column":6},"end":{"line":230,"column":7}},"type":"if","locations":[{"start":{"line":228,"column":6},"end":{"line":230,"column":7}},{"start":{},"end":{}}],"line":228},"22":{"loc":{"start":{"line":250,"column":6},"end":{"line":252,"column":7}},"type":"if","locations":[{"start":{"line":250,"column":6},"end":{"line":252,"column":7}},{"start":{},"end":{}}],"line":250},"23":{"loc":{"start":{"line":254,"column":6},"end":{"line":256,"column":7}},"type":"if","locations":[{"start":{"line":254,"column":6},"end":{"line":256,"column":7}},{"start":{},"end":{}}],"line":254},"24":{"loc":{"start":{"line":254,"column":10},"end":{"line":254,"column":72}},"type":"binary-expr","locations":[{"start":{"line":254,"column":10},"end":{"line":254,"column":44}},{"start":{"line":254,"column":48},"end":{"line":254,"column":72}}],"line":254},"25":{"loc":{"start":{"line":258,"column":6},"end":{"line":260,"column":7}},"type":"if","locations":[{"start":{"line":258,"column":6},"end":{"line":260,"column":7}},{"start":{},"end":{}}],"line":258},"26":{"loc":{"start":{"line":258,"column":10},"end":{"line":258,"column":65}},"type":"binary-expr","locations":[{"start":{"line":258,"column":10},"end":{"line":258,"column":37}},{"start":{"line":258,"column":41},"end":{"line":258,"column":65}}],"line":258},"27":{"loc":{"start":{"line":262,"column":6},"end":{"line":285,"column":7}},"type":"if","locations":[{"start":{"line":262,"column":6},"end":{"line":285,"column":7}},{"start":{"line":283,"column":13},"end":{"line":285,"column":7}}],"line":262},"28":{"loc":{"start":{"line":263,"column":8},"end":{"line":269,"column":9}},"type":"if","locations":[{"start":{"line":263,"column":8},"end":{"line":269,"column":9}},{"start":{},"end":{}}],"line":263},"29":{"loc":{"start":{"line":264,"column":10},"end":{"line":266,"column":36}},"type":"binary-expr","locations":[{"start":{"line":264,"column":10},"end":{"line":264,"column":35}},{"start":{"line":265,"column":10},"end":{"line":265,"column":35}},{"start":{"line":266,"column":10},"end":{"line":266,"column":36}}],"line":264},"30":{"loc":{"start":{"line":274,"column":12},"end":{"line":276,"column":13}},"type":"if","locations":[{"start":{"line":274,"column":12},"end":{"line":276,"column":13}},{"start":{},"end":{}}],"line":274}},"s":{"0":1,"1":0,"2":0,"3":0,"4":0,"5":0,"6":0,"7":0,"8":0,"9":0,"10":0,"11":0,"12":0,"13":0,"14":0,"15":0,"16":0,"17":0,"18":0,"19":0,"20":0,"21":0,"22":0,"23":0,"24":0,"25":0,"26":0,"27":0,"28":0,"29":0,"30":0,"31":0,"32":0,"33":0,"34":0,"35":0,"36":1,"37":0,"38":0,"39":0,"40":0,"41":0,"42":0,"43":0,"44":0,"45":0,"46":0,"47":0,"48":0,"49":0,"50":1,"51":0,"52":0,"53":0,"54":0,"55":0,"56":0,"57":0,"58":0,"59":0,"60":0,"61":0,"62":1,"63":0,"64":0,"65":0,"66":0,"67":0,"68":0,"69":0,"70":0,"71":0,"72":0,"73":0,"74":0,"75":0,"76":0,"77":0,"78":0,"79":1,"80":0,"81":0,"82":0,"83":0,"84":0,"85":0,"86":0,"87":0,"88":0,"89":0,"90":0,"91":0,"92":0,"93":0,"94":0,"95":0,"96":0,"97":0,"98":0,"99":0,"100":0,"101":0,"102":0,"103":0},"f":{"0":0,"1":0,"2":0,"3":0,"4":0,"5":0,"6":0,"7":0,"8":0,"9":0,"10":0,"11":0,"12":0,"13":0,"14":0,"15":0,"16":0},"b":{"0":[0,0],"1":[0,0],"2":[0,0],"3":[0,0],"4":[0,0],"5":[0,0],"6":[0,0],"7":[0,0,0,0],"8":[0,0],"9":[0,0],"10":[0,0],"11":[0,0],"12":[0,0],"13":[0,0,0],"14":[0,0],"15":[0,0],"16":[0,0],"17":[0,0],"18":[0,0],"19":[0,0],"20":[0,0],"21":[0,0],"22":[0,0],"23":[0,0],"24":[0,0],"25":[0,0],"26":[0,0],"27":[0,0],"28":[0,0],"29":[0,0,0],"30":[0,0]},"_coverageSchema":"1a1c01bbd47fc00a2c39e90264f33305004495a9","hash":"d3d783d7a3fbbeb394d65161333de292fc4af309"}
,"D:\\Synrgy Academy - Bootcamp BCA x Binar\\Car-Management-Dashboard\\challenge_6\\src\\services\\users.ts": {"path":"D:\\Synrgy Academy - Bootcamp BCA x Binar\\Car-Management-Dashboard\\challenge_6\\src\\services\\users.ts","statementMap":{"0":{"start":{"line":12,"column":0},"end":{"line":12,"column":15}},"1":{"start":{"line":27,"column":20},"end":{"line":84,"column":3}},"2":{"start":{"line":28,"column":4},"end":{"line":83,"column":5}},"3":{"start":{"line":29,"column":6},"end":{"line":31,"column":7}},"4":{"start":{"line":30,"column":8},"end":{"line":30,"column":140}},"5":{"start":{"line":33,"column":6},"end":{"line":35,"column":7}},"6":{"start":{"line":34,"column":8},"end":{"line":34,"column":44}},"7":{"start":{"line":37,"column":6},"end":{"line":39,"column":7}},"8":{"start":{"line":38,"column":8},"end":{"line":38,"column":76}},"9":{"start":{"line":49,"column":27},"end":{"line":49,"column":77}},"10":{"start":{"line":51,"column":26},"end":{"line":51,"column":82}},"11":{"start":{"line":53,"column":6},"end":{"line":55,"column":7}},"12":{"start":{"line":54,"column":8},"end":{"line":54,"column":80}},"13":{"start":{"line":67,"column":19},"end":{"line":67,"column":41}},"14":{"start":{"line":68,"column":27},"end":{"line":68,"column":68}},"15":{"start":{"line":70,"column":35},"end":{"line":76,"column":7}},"16":{"start":{"line":78,"column":6},"end":{"line":78,"column":46}},"17":{"start":{"line":80,"column":6},"end":{"line":80,"column":28}},"18":{"start":{"line":82,"column":6},"end":{"line":82,"column":25}},"19":{"start":{"line":87,"column":4},"end":{"line":143,"column":5}},"20":{"start":{"line":88,"column":27},"end":{"line":88,"column":58}},"21":{"start":{"line":90,"column":6},"end":{"line":92,"column":7}},"22":{"start":{"line":91,"column":8},"end":{"line":91,"column":114}},"23":{"start":{"line":96,"column":6},"end":{"line":120,"column":7}},"24":{"start":{"line":97,"column":8},"end":{"line":97,"column":72}},"25":{"start":{"line":99,"column":8},"end":{"line":99,"column":78}},"26":{"start":{"line":100,"column":8},"end":{"line":102,"column":9}},"27":{"start":{"line":101,"column":10},"end":{"line":101,"column":53}},"28":{"start":{"line":104,"column":33},"end":{"line":104,"column":93}},"29":{"start":{"line":106,"column":8},"end":{"line":108,"column":9}},"30":{"start":{"line":107,"column":10},"end":{"line":107,"column":44}},"31":{"start":{"line":110,"column":8},"end":{"line":119,"column":9}},"32":{"start":{"line":111,"column":44},"end":{"line":117,"column":11}},"33":{"start":{"line":118,"column":10},"end":{"line":118,"column":25}},"34":{"start":{"line":122,"column":20},"end":{"line":122,"column":139}},"35":{"start":{"line":124,"column":40},"end":{"line":133,"column":7}},"36":{"start":{"line":140,"column":6},"end":{"line":140,"column":21}},"37":{"start":{"line":142,"column":6},"end":{"line":142,"column":25}},"38":{"start":{"line":147,"column":4},"end":{"line":147,"column":28}},"39":{"start":{"line":148,"column":38},"end":{"line":154,"column":5}},"40":{"start":{"line":155,"column":4},"end":{"line":155,"column":19}},"41":{"start":{"line":159,"column":4},"end":{"line":171,"column":5}},"42":{"start":{"line":160,"column":21},"end":{"line":160,"column":72}},"43":{"start":{"line":161,"column":21},"end":{"line":161,"column":70}},"44":{"start":{"line":162,"column":6},"end":{"line":164,"column":7}},"45":{"start":{"line":163,"column":8},"end":{"line":163,"column":47}},"46":{"start":{"line":165,"column":6},"end":{"line":168,"column":7}},"47":{"start":{"line":170,"column":6},"end":{"line":170,"column":25}},"48":{"start":{"line":176,"column":4},"end":{"line":176,"column":46}},"49":{"start":{"line":177,"column":4},"end":{"line":179,"column":5}},"50":{"start":{"line":178,"column":6},"end":{"line":178,"column":66}},"51":{"start":{"line":180,"column":4},"end":{"line":180,"column":19}},"52":{"start":{"line":184,"column":4},"end":{"line":235,"column":5}},"53":{"start":{"line":185,"column":21},"end":{"line":185,"column":60}},"54":{"start":{"line":186,"column":23},"end":{"line":189,"column":8}},"55":{"start":{"line":191,"column":22},"end":{"line":191,"column":43}},"56":{"start":{"line":193,"column":35},"end":{"line":193,"column":92}},"57":{"start":{"line":195,"column":6},"end":{"line":232,"column":7}},"58":{"start":{"line":196,"column":22},"end":{"line":196,"column":161}},"59":{"start":{"line":198,"column":42},"end":{"line":207,"column":9}},"60":{"start":{"line":208,"column":8},"end":{"line":208,"column":23}},"61":{"start":{"line":210,"column":22},"end":{"line":210,"column":145}},"62":{"start":{"line":212,"column":37},"end":{"line":217,"column":9}},"63":{"start":{"line":219,"column":8},"end":{"line":219,"column":48}},"64":{"start":{"line":221,"column":42},"end":{"line":230,"column":9}},"65":{"start":{"line":231,"column":8},"end":{"line":231,"column":23}},"66":{"start":{"line":234,"column":6},"end":{"line":234,"column":25}}},"fnMap":{"0":{"name":"(anonymous_0)","decl":{"start":{"line":27,"column":20},"end":{"line":27,"column":21}},"loc":{"start":{"line":27,"column":110},"end":{"line":84,"column":3}},"line":27},"1":{"name":"(anonymous_1)","decl":{"start":{"line":86,"column":2},"end":{"line":86,"column":3}},"loc":{"start":{"line":86,"column":85},"end":{"line":144,"column":3}},"line":86},"2":{"name":"(anonymous_2)","decl":{"start":{"line":146,"column":2},"end":{"line":146,"column":3}},"loc":{"start":{"line":146,"column":64},"end":{"line":156,"column":3}},"line":146},"3":{"name":"(anonymous_3)","decl":{"start":{"line":158,"column":2},"end":{"line":158,"column":3}},"loc":{"start":{"line":158,"column":77},"end":{"line":172,"column":3}},"line":158},"4":{"name":"(anonymous_4)","decl":{"start":{"line":174,"column":2},"end":{"line":174,"column":3}},"loc":{"start":{"line":174,"column":57},"end":{"line":181,"column":3}},"line":174},"5":{"name":"(anonymous_5)","decl":{"start":{"line":183,"column":2},"end":{"line":183,"column":3}},"loc":{"start":{"line":183,"column":71},"end":{"line":236,"column":3}},"line":183}},"branchMap":{"0":{"loc":{"start":{"line":29,"column":6},"end":{"line":31,"column":7}},"type":"if","locations":[{"start":{"line":29,"column":6},"end":{"line":31,"column":7}},{"start":{},"end":{}}],"line":29},"1":{"loc":{"start":{"line":29,"column":10},"end":{"line":29,"column":66}},"type":"binary-expr","locations":[{"start":{"line":29,"column":10},"end":{"line":29,"column":24}},{"start":{"line":29,"column":28},"end":{"line":29,"column":45}},{"start":{"line":29,"column":49},"end":{"line":29,"column":66}}],"line":29},"2":{"loc":{"start":{"line":30,"column":27},"end":{"line":30,"column":124}},"type":"cond-expr","locations":[{"start":{"line":30,"column":44},"end":{"line":30,"column":51}},{"start":{"line":30,"column":54},"end":{"line":30,"column":124}}],"line":30},"3":{"loc":{"start":{"line":30,"column":54},"end":{"line":30,"column":124}},"type":"cond-expr","locations":[{"start":{"line":30,"column":74},"end":{"line":30,"column":84}},{"start":{"line":30,"column":87},"end":{"line":30,"column":124}}],"line":30},"4":{"loc":{"start":{"line":30,"column":87},"end":{"line":30,"column":124}},"type":"cond-expr","locations":[{"start":{"line":30,"column":107},"end":{"line":30,"column":117}},{"start":{"line":30,"column":120},"end":{"line":30,"column":124}}],"line":30},"5":{"loc":{"start":{"line":33,"column":6},"end":{"line":35,"column":7}},"type":"if","locations":[{"start":{"line":33,"column":6},"end":{"line":35,"column":7}},{"start":{},"end":{}}],"line":33},"6":{"loc":{"start":{"line":37,"column":6},"end":{"line":39,"column":7}},"type":"if","locations":[{"start":{"line":37,"column":6},"end":{"line":39,"column":7}},{"start":{},"end":{}}],"line":37},"7":{"loc":{"start":{"line":53,"column":6},"end":{"line":55,"column":7}},"type":"if","locations":[{"start":{"line":53,"column":6},"end":{"line":55,"column":7}},{"start":{},"end":{}}],"line":53},"8":{"loc":{"start":{"line":53,"column":10},"end":{"line":53,"column":37}},"type":"binary-expr","locations":[{"start":{"line":53,"column":10},"end":{"line":53,"column":22}},{"start":{"line":53,"column":26},"end":{"line":53,"column":37}}],"line":53},"9":{"loc":{"start":{"line":54,"column":27},"end":{"line":54,"column":62}},"type":"cond-expr","locations":[{"start":{"line":54,"column":42},"end":{"line":54,"column":49}},{"start":{"line":54,"column":52},"end":{"line":54,"column":62}}],"line":54},"10":{"loc":{"start":{"line":75,"column":14},"end":{"line":75,"column":51}},"type":"cond-expr","locations":[{"start":{"line":75,"column":29},"end":{"line":75,"column":41}},{"start":{"line":75,"column":44},"end":{"line":75,"column":51}}],"line":75},"11":{"loc":{"start":{"line":90,"column":6},"end":{"line":92,"column":7}},"type":"if","locations":[{"start":{"line":90,"column":6},"end":{"line":92,"column":7}},{"start":{},"end":{}}],"line":90},"12":{"loc":{"start":{"line":90,"column":10},"end":{"line":90,"column":48}},"type":"binary-expr","locations":[{"start":{"line":90,"column":10},"end":{"line":90,"column":27}},{"start":{"line":90,"column":31},"end":{"line":90,"column":48}}],"line":90},"13":{"loc":{"start":{"line":91,"column":27},"end":{"line":91,"column":97}},"type":"cond-expr","locations":[{"start":{"line":91,"column":47},"end":{"line":91,"column":57}},{"start":{"line":91,"column":60},"end":{"line":91,"column":97}}],"line":91},"14":{"loc":{"start":{"line":91,"column":60},"end":{"line":91,"column":97}},"type":"cond-expr","locations":[{"start":{"line":91,"column":80},"end":{"line":91,"column":90}},{"start":{"line":91,"column":93},"end":{"line":91,"column":97}}],"line":91},"15":{"loc":{"start":{"line":96,"column":6},"end":{"line":120,"column":7}},"type":"if","locations":[{"start":{"line":96,"column":6},"end":{"line":120,"column":7}},{"start":{"line":98,"column":13},"end":{"line":120,"column":7}}],"line":96},"16":{"loc":{"start":{"line":100,"column":8},"end":{"line":102,"column":9}},"type":"if","locations":[{"start":{"line":100,"column":8},"end":{"line":102,"column":9}},{"start":{},"end":{}}],"line":100},"17":{"loc":{"start":{"line":100,"column":12},"end":{"line":100,"column":49}},"type":"binary-expr","locations":[{"start":{"line":100,"column":12},"end":{"line":100,"column":24}},{"start":{"line":100,"column":28},"end":{"line":100,"column":49}}],"line":100},"18":{"loc":{"start":{"line":106,"column":8},"end":{"line":108,"column":9}},"type":"if","locations":[{"start":{"line":106,"column":8},"end":{"line":108,"column":9}},{"start":{},"end":{}}],"line":106},"19":{"loc":{"start":{"line":110,"column":8},"end":{"line":119,"column":9}},"type":"if","locations":[{"start":{"line":110,"column":8},"end":{"line":119,"column":9}},{"start":{},"end":{}}],"line":110},"20":{"loc":{"start":{"line":122,"column":82},"end":{"line":122,"column":117}},"type":"binary-expr","locations":[{"start":{"line":122,"column":82},"end":{"line":122,"column":104}},{"start":{"line":122,"column":108},"end":{"line":122,"column":117}}],"line":122},"21":{"loc":{"start":{"line":162,"column":6},"end":{"line":164,"column":7}},"type":"if","locations":[{"start":{"line":162,"column":6},"end":{"line":164,"column":7}},{"start":{},"end":{}}],"line":162},"22":{"loc":{"start":{"line":177,"column":4},"end":{"line":179,"column":5}},"type":"if","locations":[{"start":{"line":177,"column":4},"end":{"line":179,"column":5}},{"start":{},"end":{}}],"line":177},"23":{"loc":{"start":{"line":193,"column":71},"end":{"line":193,"column":91}},"type":"binary-expr","locations":[{"start":{"line":193,"column":71},"end":{"line":193,"column":85}},{"start":{"line":193,"column":89},"end":{"line":193,"column":91}}],"line":193},"24":{"loc":{"start":{"line":195,"column":6},"end":{"line":232,"column":7}},"type":"if","locations":[{"start":{"line":195,"column":6},"end":{"line":232,"column":7}},{"start":{"line":209,"column":13},"end":{"line":232,"column":7}}],"line":195},"25":{"loc":{"start":{"line":196,"column":93},"end":{"line":196,"column":139}},"type":"binary-expr","locations":[{"start":{"line":196,"column":93},"end":{"line":196,"column":115}},{"start":{"line":196,"column":119},"end":{"line":196,"column":139}}],"line":196},"26":{"loc":{"start":{"line":210,"column":77},"end":{"line":210,"column":123}},"type":"binary-expr","locations":[{"start":{"line":210,"column":77},"end":{"line":210,"column":99}},{"start":{"line":210,"column":103},"end":{"line":210,"column":123}}],"line":210}},"s":{"0":1,"1":1,"2":0,"3":0,"4":0,"5":0,"6":0,"7":0,"8":0,"9":0,"10":0,"11":0,"12":0,"13":0,"14":0,"15":0,"16":0,"17":0,"18":0,"19":2,"20":2,"21":2,"22":0,"23":2,"24":2,"25":0,"26":0,"27":0,"28":0,"29":0,"30":0,"31":0,"32":0,"33":0,"34":1,"35":1,"36":1,"37":1,"38":0,"39":0,"40":0,"41":0,"42":0,"43":0,"44":0,"45":0,"46":0,"47":0,"48":0,"49":0,"50":0,"51":0,"52":0,"53":0,"54":0,"55":0,"56":0,"57":0,"58":0,"59":0,"60":0,"61":0,"62":0,"63":0,"64":0,"65":0,"66":0},"f":{"0":0,"1":2,"2":0,"3":0,"4":0,"5":0},"b":{"0":[0,0],"1":[0,0,0],"2":[0,0],"3":[0,0],"4":[0,0],"5":[0,0],"6":[0,0],"7":[0,0],"8":[0,0],"9":[0,0],"10":[0,0],"11":[0,2],"12":[2,2],"13":[0,0],"14":[0,0],"15":[2,0],"16":[0,0],"17":[0,0],"18":[0,0],"19":[0,0],"20":[1,0],"21":[0,0],"22":[0,0],"23":[0,0],"24":[0,0],"25":[0,0],"26":[0,0]},"_coverageSchema":"1a1c01bbd47fc00a2c39e90264f33305004495a9","hash":"8e181e00204dd4fed6b4626416df876af1206c4f"}
,"D:\\Synrgy Academy - Bootcamp BCA x Binar\\Car-Management-Dashboard\\challenge_6\\src\\utils\\swaggerOptions.ts": {"path":"D:\\Synrgy Academy - Bootcamp BCA x Binar\\Car-Management-Dashboard\\challenge_6\\src\\utils\\swaggerOptions.ts","statementMap":{"0":{"start":{"line":1,"column":22},"end":{"line":20,"column":1}}},"fnMap":{},"branchMap":{},"s":{"0":1},"f":{},"b":{},"_coverageSchema":"1a1c01bbd47fc00a2c39e90264f33305004495a9","hash":"4948298b3b1ecf60da1ccd473143be8fc9afe2bc"}
,"D:\\Synrgy Academy - Bootcamp BCA x Binar\\Car-Management-Dashboard\\challenge_6\\src\\utils\\uploadFile.ts": {"path":"D:\\Synrgy Academy - Bootcamp BCA x Binar\\Car-Management-Dashboard\\challenge_6\\src\\utils\\uploadFile.ts","statementMap":{"0":{"start":{"line":4,"column":36},"end":{"line":11,"column":2}},"1":{"start":{"line":9,"column":4},"end":{"line":9,"column":60}},"2":{"start":{"line":13,"column":20},"end":{"line":13,"column":73}}},"fnMap":{"0":{"name":"(anonymous_0)","decl":{"start":{"line":8,"column":12},"end":{"line":8,"column":13}},"loc":{"start":{"line":8,"column":40},"end":{"line":10,"column":3}},"line":8}},"branchMap":{},"s":{"0":1,"1":0,"2":1},"f":{"0":0},"b":{},"_coverageSchema":"1a1c01bbd47fc00a2c39e90264f33305004495a9","hash":"1ace72e162679f4f37facf549053d0b183515d19"}
}
