TN:
SF:knexfile.ts
FNF:0
FNH:0
DA:3,1
DA:7,1
LF:2
LH:2
BRF:0
BRH:0
end_of_record
TN:
SF:config\cloudinary.ts
FNF:0
FNH:0
DA:3,1
DA:5,1
LF:2
LH:2
BRF:0
BRH:0
end_of_record
TN:
SF:config\knex.ts
FNF:0
FNH:0
DA:4,1
LF:1
LH:1
BRF:0
BRH:0
end_of_record
TN:
SF:src\app.ts
FNF:0
FNH:0
DA:8,1
DA:9,1
DA:11,1
DA:13,1
DA:14,1
DA:15,1
DA:16,1
DA:17,1
DA:18,1
DA:19,1
DA:21,1
LF:11
LH:11
BRF:0
BRH:0
end_of_record
TN:
SF:src\controllers\cars.ts
FN:8,(anonymous_0)
FN:33,(anonymous_1)
FN:62,(anonymous_2)
FN:87,(anonymous_3)
FN:106,(anonymous_4)
FNF:5
FNH:0
FNDA:0,(anonymous_0)
FNDA:0,(anonymous_1)
FNDA:0,(anonymous_2)
FNDA:0,(anonymous_3)
FNDA:0,(anonymous_4)
DA:8,1
DA:9,0
DA:10,0
DA:11,0
DA:12,0
DA:20,0
DA:22,0
DA:29,0
DA:33,1
DA:34,0
DA:35,0
DA:36,0
DA:37,0
DA:38,0
DA:39,0
DA:40,0
DA:41,0
DA:49,0
DA:51,0
DA:58,0
DA:62,1
DA:63,0
DA:64,0
DA:65,0
DA:66,0
DA:74,0
DA:76,0
DA:83,0
DA:87,1
DA:88,0
DA:89,0
DA:90,0
DA:91,0
DA:92,0
DA:93,0
DA:95,0
DA:102,0
DA:106,1
DA:107,0
DA:108,0
DA:109,0
DA:110,0
DA:111,0
DA:112,0
DA:113,0
DA:114,0
DA:115,0
DA:123,0
DA:125,0
DA:132,0
LF:50
LH:5
BRF:0
BRH:0
end_of_record
TN:
SF:src\controllers\users.ts
FN:11,(anonymous_0)
FN:38,(anonymous_1)
FN:55,(anonymous_2)
FN:72,(anonymous_3)
FN:88,(anonymous_4)
FN:115,(anonymous_5)
FNF:6
FNH:1
FNDA:0,(anonymous_0)
FNDA:2,(anonymous_1)
FNDA:0,(anonymous_2)
FNDA:0,(anonymous_3)
FNDA:0,(anonymous_4)
FNDA:0,(anonymous_5)
DA:7,1
DA:11,1
DA:12,0
DA:13,0
DA:14,0
DA:15,0
DA:16,0
DA:17,0
DA:25,0
DA:27,0
DA:34,0
DA:38,1
DA:39,2
DA:40,2
DA:41,2
DA:42,1
DA:44,1
DA:51,1
DA:55,1
DA:56,0
DA:57,0
DA:58,0
DA:59,0
DA:61,0
DA:68,0
DA:72,1
DA:73,0
DA:74,0
DA:75,0
DA:77,0
DA:84,0
DA:88,1
DA:89,0
DA:90,0
DA:91,0
DA:102,0
DA:104,0
DA:111,0
DA:115,1
DA:116,0
DA:117,0
DA:118,0
DA:119,0
DA:120,0
DA:121,0
DA:122,0
DA:123,0
DA:124,0
DA:125,0
DA:139,0
DA:141,0
DA:148,0
LF:52
LH:13
BRF:0
BRH:0
end_of_record
TN:
SF:src\middlewares\user.ts
FN:16,(anonymous_0)
FN:38,(anonymous_1)
FN:57,(anonymous_2)
FN:78,(anonymous_3)
FN:110,(anonymous_4)
FN:131,(anonymous_5)
FNF:6
FNH:0
FNDA:0,(anonymous_0)
FNDA:0,(anonymous_1)
FNDA:0,(anonymous_2)
FNDA:0,(anonymous_3)
FNDA:0,(anonymous_4)
FNDA:0,(anonymous_5)
DA:5,1
DA:16,1
DA:17,0
DA:18,0
DA:21,0
DA:22,0
DA:24,0
DA:25,0
DA:32,0
DA:34,0
DA:35,0
DA:37,0
DA:38,0
DA:39,0
DA:40,0
DA:42,0
DA:43,0
DA:46,0
DA:53,0
DA:57,1
DA:58,0
DA:60,0
DA:61,0
DA:62,0
DA:64,0
DA:65,0
DA:72,0
DA:74,0
DA:75,0
DA:77,0
DA:78,0
DA:79,0
DA:80,0
DA:82,0
DA:83,0
DA:84,0
DA:85,0
DA:86,0
DA:88,0
DA:95,0
DA:99,0
DA:106,0
DA:110,1
DA:111,0
DA:112,0
DA:114,0
DA:115,0
DA:117,0
DA:118,0
DA:125,0
DA:127,0
DA:128,0
DA:130,0
DA:131,0
DA:132,0
DA:133,0
DA:135,0
DA:136,0
DA:137,0
DA:138,0
DA:140,0
DA:147,0
DA:151,0
DA:158,0
LF:64
LH:4
BRDA:21,0,0,0
BRDA:21,0,1,0
BRDA:24,1,0,0
BRDA:24,1,1,0
BRDA:34,2,0,0
BRDA:34,2,1,0
BRDA:38,3,0,0
BRDA:38,3,1,0
BRDA:39,4,0,0
BRDA:39,4,1,0
BRDA:61,5,0,0
BRDA:61,5,1,0
BRDA:64,6,0,0
BRDA:64,6,1,0
BRDA:74,7,0,0
BRDA:74,7,1,0
BRDA:78,8,0,0
BRDA:78,8,1,0
BRDA:79,9,0,0
BRDA:79,9,1,0
BRDA:83,10,0,0
BRDA:83,10,1,0
BRDA:83,11,0,0
BRDA:83,11,1,0
BRDA:114,12,0,0
BRDA:114,12,1,0
BRDA:117,13,0,0
BRDA:117,13,1,0
BRDA:127,14,0,0
BRDA:127,14,1,0
BRDA:131,15,0,0
BRDA:131,15,1,0
BRDA:132,16,0,0
BRDA:132,16,1,0
BRDA:136,17,0,0
BRDA:136,17,1,0
BRF:36
BRH:0
end_of_record
TN:
SF:src\repositories\cars.ts
FN:14,(anonymous_0)
FN:25,(anonymous_1)
FN:44,(anonymous_2)
FN:48,(anonymous_3)
FN:52,(anonymous_4)
FN:56,(anonymous_5)
FN:60,(anonymous_6)
FNF:7
FNH:0
FNDA:0,(anonymous_0)
FNDA:0,(anonymous_1)
FNDA:0,(anonymous_2)
FNDA:0,(anonymous_3)
FNDA:0,(anonymous_4)
FNDA:0,(anonymous_5)
FNDA:0,(anonymous_6)
DA:5,1
DA:15,0
DA:17,0
DA:19,0
DA:26,0
DA:28,0
DA:36,0
DA:38,0
DA:45,0
DA:49,0
DA:53,0
DA:57,0
DA:61,0
LF:13
LH:1
BRDA:26,0,0,0
BRDA:26,0,1,0
BRDA:36,1,0,0
BRDA:36,1,1,0
BRF:4
BRH:0
end_of_record
TN:
SF:src\repositories\users.ts
FN:17,(anonymous_0)
FN:22,(anonymous_1)
FN:23,(anonymous_2)
FN:27,(anonymous_3)
FN:31,(anonymous_4)
FN:35,(anonymous_5)
FN:39,(anonymous_6)
FN:43,(anonymous_7)
FN:47,(anonymous_8)
FNF:9
FNH:4
FNDA:1,(anonymous_0)
FNDA:2,(anonymous_1)
FNDA:2,(anonymous_2)
FNDA:1,(anonymous_3)
FNDA:0,(anonymous_4)
FNDA:0,(anonymous_5)
FNDA:0,(anonymous_6)
FNDA:0,(anonymous_7)
FNDA:0,(anonymous_8)
DA:5,1
DA:15,1
DA:18,1
DA:19,1
DA:23,2
DA:24,1
DA:28,1
DA:32,0
DA:36,0
DA:40,0
DA:44,0
DA:48,0
LF:12
LH:7
BRF:0
BRH:0
end_of_record
TN:
SF:src\routes\routers.ts
FNF:0
FNH:0
DA:9,1
DA:12,1
DA:15,1
DA:16,1
DA:17,1
DA:20,1
DA:23,1
DA:24,1
DA:25,1
DA:26,1
DA:29,1
DA:30,1
DA:31,1
DA:32,1
DA:35,1
DA:38,1
DA:41,1
DA:42,1
DA:45,1
DA:46,1
LF:20
LH:20
BRF:0
BRH:0
end_of_record
TN:
SF:src\services\cars.ts
FN:17,(anonymous_0)
FN:35,(anonymous_1)
FN:41,(anonymous_2)
FN:62,(anonymous_3)
FN:67,(anonymous_4)
FN:68,(anonymous_5)
FN:79,(anonymous_6)
FN:93,(anonymous_7)
FN:93,(anonymous_8)
FN:106,(anonymous_9)
FN:127,(anonymous_10)
FN:150,(anonymous_11)
FN:173,(anonymous_12)
FN:205,(anonymous_13)
FN:246,(anonymous_14)
FN:273,(anonymous_15)
FN:292,(anonymous_16)
FNF:17
FNH:0
FNDA:0,(anonymous_0)
FNDA:0,(anonymous_1)
FNDA:0,(anonymous_2)
FNDA:0,(anonymous_3)
FNDA:0,(anonymous_4)
FNDA:0,(anonymous_5)
FNDA:0,(anonymous_6)
FNDA:0,(anonymous_7)
FNDA:0,(anonymous_8)
FNDA:0,(anonymous_9)
FNDA:0,(anonymous_10)
FNDA:0,(anonymous_11)
FNDA:0,(anonymous_12)
FNDA:0,(anonymous_13)
FNDA:0,(anonymous_14)
FNDA:0,(anonymous_15)
FNDA:0,(anonymous_16)
DA:17,1
DA:20,0
DA:21,0
DA:23,0
DA:25,0
DA:26,0
DA:27,0
DA:28,0
DA:30,0
DA:31,0
DA:32,0
DA:35,0
DA:36,0
DA:37,0
DA:38,0
DA:41,0
DA:42,0
DA:43,0
DA:44,0
DA:48,0
DA:61,0
DA:62,0
DA:63,0
DA:65,0
DA:67,0
DA:68,0
DA:79,0
DA:91,0
DA:92,0
DA:93,0
DA:104,0
DA:106,0
DA:119,0
DA:127,1
DA:128,0
DA:129,0
DA:130,0
DA:142,0
DA:147,0
DA:149,0
DA:151,0
DA:152,0
DA:154,0
DA:157,0
DA:166,0
DA:167,0
DA:169,0
DA:173,1
DA:174,0
DA:175,0
DA:176,0
DA:177,0
DA:178,0
DA:181,0
DA:182,0
DA:183,0
DA:188,0
DA:199,0
DA:201,0
DA:205,1
DA:206,0
DA:207,0
DA:208,0
DA:209,0
DA:210,0
DA:212,0
DA:213,0
DA:216,0
DA:217,0
DA:220,0
DA:226,0
DA:228,0
DA:229,0
DA:232,0
DA:240,0
DA:242,0
DA:246,1
DA:248,0
DA:249,0
DA:250,0
DA:251,0
DA:254,0
DA:255,0
DA:258,0
DA:259,0
DA:262,0
DA:263,0
DA:268,0
DA:270,0
DA:274,0
DA:275,0
DA:277,0
DA:281,0
DA:282,0
DA:284,0
DA:286,0
DA:288,0
DA:293,0
DA:294,0
DA:302,0
DA:303,0
LF:101
LH:5
BRDA:20,0,0,0
BRDA:20,0,1,0
BRDA:21,1,0,0
BRDA:21,1,1,0
BRDA:25,2,0,0
BRDA:25,2,1,0
BRDA:61,3,0,0
BRDA:61,3,1,0
BRDA:65,4,0,0
BRDA:65,4,1,0
BRDA:92,5,0,0
BRDA:92,5,1,0
BRDA:129,6,0,0
BRDA:129,6,1,0
BRDA:129,7,0,0
BRDA:129,7,1,0
BRDA:129,7,2,0
BRDA:129,7,3,0
BRDA:131,8,0,0
BRDA:131,8,1,0
BRDA:133,9,0,0
BRDA:133,9,1,0
BRDA:135,10,0,0
BRDA:135,10,1,0
BRDA:137,11,0,0
BRDA:137,11,1,0
BRDA:142,12,0,0
BRDA:142,12,1,0
BRDA:143,13,0,0
BRDA:143,13,1,0
BRDA:143,13,2,0
BRDA:151,14,0,0
BRDA:151,14,1,0
BRDA:177,15,0,0
BRDA:177,15,1,0
BRDA:209,16,0,0
BRDA:209,16,1,0
BRDA:212,17,0,0
BRDA:212,17,1,0
BRDA:212,18,0,0
BRDA:212,18,1,0
BRDA:216,19,0,0
BRDA:216,19,1,0
BRDA:216,20,0,0
BRDA:216,20,1,0
BRDA:228,21,0,0
BRDA:228,21,1,0
BRDA:250,22,0,0
BRDA:250,22,1,0
BRDA:254,23,0,0
BRDA:254,23,1,0
BRDA:254,24,0,0
BRDA:254,24,1,0
BRDA:258,25,0,0
BRDA:258,25,1,0
BRDA:258,26,0,0
BRDA:258,26,1,0
BRDA:262,27,0,0
BRDA:262,27,1,0
BRDA:263,28,0,0
BRDA:263,28,1,0
BRDA:264,29,0,0
BRDA:264,29,1,0
BRDA:264,29,2,0
BRDA:274,30,0,0
BRDA:274,30,1,0
BRF:66
BRH:0
end_of_record
TN:
SF:src\services\users.ts
FN:27,(anonymous_0)
FN:86,(anonymous_1)
FN:146,(anonymous_2)
FN:158,(anonymous_3)
FN:174,(anonymous_4)
FN:183,(anonymous_5)
FNF:6
FNH:1
FNDA:0,(anonymous_0)
FNDA:2,(anonymous_1)
FNDA:0,(anonymous_2)
FNDA:0,(anonymous_3)
FNDA:0,(anonymous_4)
FNDA:0,(anonymous_5)
DA:12,1
DA:27,1
DA:28,0
DA:29,0
DA:30,0
DA:33,0
DA:34,0
DA:37,0
DA:38,0
DA:49,0
DA:51,0
DA:53,0
DA:54,0
DA:67,0
DA:68,0
DA:70,0
DA:78,0
DA:80,0
DA:82,0
DA:87,2
DA:88,2
DA:90,2
DA:91,0
DA:96,2
DA:97,2
DA:99,0
DA:100,0
DA:101,0
DA:104,0
DA:106,0
DA:107,0
DA:110,0
DA:111,0
DA:118,0
DA:122,1
DA:124,1
DA:140,1
DA:142,1
DA:147,0
DA:148,0
DA:155,0
DA:159,0
DA:160,0
DA:161,0
DA:162,0
DA:163,0
DA:165,0
DA:170,0
DA:176,0
DA:177,0
DA:178,0
DA:180,0
DA:184,0
DA:185,0
DA:186,0
DA:191,0
DA:193,0
DA:195,0
DA:196,0
DA:198,0
DA:208,0
DA:210,0
DA:212,0
DA:219,0
DA:221,0
DA:231,0
DA:234,0
LF:67
LH:11
BRDA:29,0,0,0
BRDA:29,0,1,0
BRDA:29,1,0,0
BRDA:29,1,1,0
BRDA:29,1,2,0
BRDA:30,2,0,0
BRDA:30,2,1,0
BRDA:30,3,0,0
BRDA:30,3,1,0
BRDA:30,4,0,0
BRDA:30,4,1,0
BRDA:33,5,0,0
BRDA:33,5,1,0
BRDA:37,6,0,0
BRDA:37,6,1,0
BRDA:53,7,0,0
BRDA:53,7,1,0
BRDA:53,8,0,0
BRDA:53,8,1,0
BRDA:54,9,0,0
BRDA:54,9,1,0
BRDA:75,10,0,0
BRDA:75,10,1,0
BRDA:90,11,0,0
BRDA:90,11,1,2
BRDA:90,12,0,2
BRDA:90,12,1,2
BRDA:91,13,0,0
BRDA:91,13,1,0
BRDA:91,14,0,0
BRDA:91,14,1,0
BRDA:96,15,0,2
BRDA:96,15,1,0
BRDA:100,16,0,0
BRDA:100,16,1,0
BRDA:100,17,0,0
BRDA:100,17,1,0
BRDA:106,18,0,0
BRDA:106,18,1,0
BRDA:110,19,0,0
BRDA:110,19,1,0
BRDA:122,20,0,1
BRDA:122,20,1,0
BRDA:162,21,0,0
BRDA:162,21,1,0
BRDA:177,22,0,0
BRDA:177,22,1,0
BRDA:193,23,0,0
BRDA:193,23,1,0
BRDA:195,24,0,0
BRDA:195,24,1,0
BRDA:196,25,0,0
BRDA:196,25,1,0
BRDA:210,26,0,0
BRDA:210,26,1,0
BRF:55
BRH:5
end_of_record
TN:
SF:src\utils\swaggerOptions.ts
FNF:0
FNH:0
DA:1,1
LF:1
LH:1
BRF:0
BRH:0
end_of_record
TN:
SF:src\utils\uploadFile.ts
FN:8,(anonymous_0)
FNF:1
FNH:0
FNDA:0,(anonymous_0)
DA:4,1
DA:9,0
DA:13,1
LF:3
LH:2
BRF:0
BRH:0
end_of_record
